<?xml version="1.0" encoding="UTF-8"?>
<testsuite xmlns:xsi="http://www.w3.org/2001/XMLSchema-instance" xsi:noNamespaceSchemaLocation="https://maven.apache.org/surefire/maven-surefire-plugin/xsd/surefire-test-report-3.0.xsd" version="3.0" name="tek.capstone.framework.runner.TestRunner" time="67.306" tests="20" errors="0" skipped="0" failures="0">
  <properties>
    <property name="sun.desktop" value="windows"/>
    <property name="awt.toolkit" value="sun.awt.windows.WToolkit"/>
    <property name="java.specification.version" value="11"/>
    <property name="sun.cpu.isalist" value="amd64"/>
    <property name="sun.jnu.encoding" value="Cp1252"/>
    <property name="java.class.path" value="C:\Users\suray\eclipse-workspace\tek-capstone-guardians\target\test-classes;C:\Users\suray\eclipse-workspace\tek-capstone-guardians\target\classes;C:\Users\suray\.m2\repository\io\cucumber\cucumber-java\7.8.0\cucumber-java-7.8.0.jar;C:\Users\suray\.m2\repository\io\cucumber\cucumber-core\7.8.0\cucumber-core-7.8.0.jar;C:\Users\suray\.m2\repository\io\cucumber\cucumber-gherkin\7.8.0\cucumber-gherkin-7.8.0.jar;C:\Users\suray\.m2\repository\io\cucumber\cucumber-gherkin-messages\7.8.0\cucumber-gherkin-messages-7.8.0.jar;C:\Users\suray\.m2\repository\io\cucumber\gherkin\24.0.0\gherkin-24.0.0.jar;C:\Users\suray\.m2\repository\io\cucumber\messages\19.1.2\messages-19.1.2.jar;C:\Users\suray\.m2\repository\io\cucumber\tag-expressions\4.1.0\tag-expressions-4.1.0.jar;C:\Users\suray\.m2\repository\io\cucumber\cucumber-expressions\16.0.0\cucumber-expressions-16.0.0.jar;C:\Users\suray\.m2\repository\io\cucumber\datatable\7.8.0\datatable-7.8.0.jar;C:\Users\suray\.m2\repository\io\cucumber\cucumber-plugin\7.8.0\cucumber-plugin-7.8.0.jar;C:\Users\suray\.m2\repository\io\cucumber\docstring\7.8.0\docstring-7.8.0.jar;C:\Users\suray\.m2\repository\io\cucumber\html-formatter\20.1.0\html-formatter-20.1.0.jar;C:\Users\suray\.m2\repository\io\cucumber\ci-environment\9.1.0\ci-environment-9.1.0.jar;C:\Users\suray\.m2\repository\org\apiguardian\apiguardian-api\1.1.2\apiguardian-api-1.1.2.jar;C:\Users\suray\.m2\repository\io\cucumber\cucumber-junit\7.8.0\cucumber-junit-7.8.0.jar;C:\Users\suray\.m2\repository\junit\junit\4.13.2\junit-4.13.2.jar;C:\Users\suray\.m2\repository\org\hamcrest\hamcrest-core\1.3\hamcrest-core-1.3.jar;C:\Users\suray\.m2\repository\org\seleniumhq\selenium\selenium-java\4.9.0\selenium-java-4.9.0.jar;C:\Users\suray\.m2\repository\org\seleniumhq\selenium\selenium-api\4.9.0\selenium-api-4.9.0.jar;C:\Users\suray\.m2\repository\org\seleniumhq\selenium\selenium-chrome-driver\4.9.0\selenium-chrome-driver-4.9.0.jar;C:\Users\suray\.m2\repository\com\google\auto\service\auto-service-annotations\1.0.1\auto-service-annotations-1.0.1.jar;C:\Users\suray\.m2\repository\com\google\auto\service\auto-service\1.0.1\auto-service-1.0.1.jar;C:\Users\suray\.m2\repository\com\google\auto\auto-common\1.2\auto-common-1.2.jar;C:\Users\suray\.m2\repository\com\google\guava\guava\31.1-jre\guava-31.1-jre.jar;C:\Users\suray\.m2\repository\com\google\guava\failureaccess\1.0.1\failureaccess-1.0.1.jar;C:\Users\suray\.m2\repository\com\google\guava\listenablefuture\9999.0-empty-to-avoid-conflict-with-guava\listenablefuture-9999.0-empty-to-avoid-conflict-with-guava.jar;C:\Users\suray\.m2\repository\com\google\code\findbugs\jsr305\3.0.2\jsr305-3.0.2.jar;C:\Users\suray\.m2\repository\org\checkerframework\checker-qual\3.12.0\checker-qual-3.12.0.jar;C:\Users\suray\.m2\repository\com\google\errorprone\error_prone_annotations\2.11.0\error_prone_annotations-2.11.0.jar;C:\Users\suray\.m2\repository\com\google\j2objc\j2objc-annotations\1.3\j2objc-annotations-1.3.jar;C:\Users\suray\.m2\repository\org\seleniumhq\selenium\selenium-chromium-driver\4.9.0\selenium-chromium-driver-4.9.0.jar;C:\Users\suray\.m2\repository\org\seleniumhq\selenium\selenium-json\4.9.0\selenium-json-4.9.0.jar;C:\Users\suray\.m2\repository\org\seleniumhq\selenium\selenium-manager\4.9.0\selenium-manager-4.9.0.jar;C:\Users\suray\.m2\repository\org\seleniumhq\selenium\selenium-devtools-v110\4.9.0\selenium-devtools-v110-4.9.0.jar;C:\Users\suray\.m2\repository\org\seleniumhq\selenium\selenium-devtools-v111\4.9.0\selenium-devtools-v111-4.9.0.jar;C:\Users\suray\.m2\repository\org\seleniumhq\selenium\selenium-devtools-v112\4.9.0\selenium-devtools-v112-4.9.0.jar;C:\Users\suray\.m2\repository\org\seleniumhq\selenium\selenium-devtools-v85\4.9.0\selenium-devtools-v85-4.9.0.jar;C:\Users\suray\.m2\repository\org\seleniumhq\selenium\selenium-edge-driver\4.9.0\selenium-edge-driver-4.9.0.jar;C:\Users\suray\.m2\repository\org\seleniumhq\selenium\selenium-firefox-driver\4.9.0\selenium-firefox-driver-4.9.0.jar;C:\Users\suray\.m2\repository\org\seleniumhq\selenium\selenium-http\4.9.0\selenium-http-4.9.0.jar;C:\Users\suray\.m2\repository\dev\failsafe\failsafe\3.3.1\failsafe-3.3.1.jar;C:\Users\suray\.m2\repository\org\seleniumhq\selenium\selenium-ie-driver\4.9.0\selenium-ie-driver-4.9.0.jar;C:\Users\suray\.m2\repository\org\seleniumhq\selenium\selenium-remote-driver\4.9.0\selenium-remote-driver-4.9.0.jar;C:\Users\suray\.m2\repository\com\beust\jcommander\1.82\jcommander-1.82.jar;C:\Users\suray\.m2\repository\io\netty\netty-buffer\4.1.91.Final\netty-buffer-4.1.91.Final.jar;C:\Users\suray\.m2\repository\io\netty\netty-codec-http\4.1.91.Final\netty-codec-http-4.1.91.Final.jar;C:\Users\suray\.m2\repository\io\netty\netty-codec\4.1.91.Final\netty-codec-4.1.91.Final.jar;C:\Users\suray\.m2\repository\io\netty\netty-handler\4.1.91.Final\netty-handler-4.1.91.Final.jar;C:\Users\suray\.m2\repository\io\netty\netty-common\4.1.91.Final\netty-common-4.1.91.Final.jar;C:\Users\suray\.m2\repository\io\netty\netty-transport-classes-epoll\4.1.91.Final\netty-transport-classes-epoll-4.1.91.Final.jar;C:\Users\suray\.m2\repository\io\netty\netty-transport-classes-kqueue\4.1.91.Final\netty-transport-classes-kqueue-4.1.91.Final.jar;C:\Users\suray\.m2\repository\io\netty\netty-transport-native-epoll\4.1.91.Final\netty-transport-native-epoll-4.1.91.Final.jar;C:\Users\suray\.m2\repository\io\netty\netty-transport-native-kqueue\4.1.91.Final\netty-transport-native-kqueue-4.1.91.Final.jar;C:\Users\suray\.m2\repository\io\netty\netty-transport-native-unix-common\4.1.91.Final\netty-transport-native-unix-common-4.1.91.Final.jar;C:\Users\suray\.m2\repository\io\netty\netty-transport\4.1.91.Final\netty-transport-4.1.91.Final.jar;C:\Users\suray\.m2\repository\io\netty\netty-resolver\4.1.91.Final\netty-resolver-4.1.91.Final.jar;C:\Users\suray\.m2\repository\io\opentelemetry\opentelemetry-api\1.25.0\opentelemetry-api-1.25.0.jar;C:\Users\suray\.m2\repository\io\opentelemetry\opentelemetry-context\1.25.0\opentelemetry-context-1.25.0.jar;C:\Users\suray\.m2\repository\io\opentelemetry\opentelemetry-exporter-logging\1.25.0\opentelemetry-exporter-logging-1.25.0.jar;C:\Users\suray\.m2\repository\io\opentelemetry\opentelemetry-sdk-metrics\1.25.0\opentelemetry-sdk-metrics-1.25.0.jar;C:\Users\suray\.m2\repository\io\opentelemetry\opentelemetry-sdk-logs\1.25.0-alpha\opentelemetry-sdk-logs-1.25.0-alpha.jar;C:\Users\suray\.m2\repository\io\opentelemetry\opentelemetry-api-logs\1.25.0-alpha\opentelemetry-api-logs-1.25.0-alpha.jar;C:\Users\suray\.m2\repository\io\opentelemetry\opentelemetry-api-events\1.25.0-alpha\opentelemetry-api-events-1.25.0-alpha.jar;C:\Users\suray\.m2\repository\io\opentelemetry\opentelemetry-sdk-common\1.25.0\opentelemetry-sdk-common-1.25.0.jar;C:\Users\suray\.m2\repository\io\opentelemetry\opentelemetry-sdk-extension-autoconfigure-spi\1.25.0\opentelemetry-sdk-extension-autoconfigure-spi-1.25.0.jar;C:\Users\suray\.m2\repository\io\opentelemetry\opentelemetry-sdk-extension-autoconfigure\1.25.0-alpha\opentelemetry-sdk-extension-autoconfigure-1.25.0-alpha.jar;C:\Users\suray\.m2\repository\io\opentelemetry\opentelemetry-sdk-trace\1.25.0\opentelemetry-sdk-trace-1.25.0.jar;C:\Users\suray\.m2\repository\io\opentelemetry\opentelemetry-sdk\1.25.0\opentelemetry-sdk-1.25.0.jar;C:\Users\suray\.m2\repository\io\opentelemetry\opentelemetry-semconv\1.25.0-alpha\opentelemetry-semconv-1.25.0-alpha.jar;C:\Users\suray\.m2\repository\io\ous\jtoml\2.0.0\jtoml-2.0.0.jar;C:\Users\suray\.m2\repository\net\bytebuddy\byte-buddy\1.14.4\byte-buddy-1.14.4.jar;C:\Users\suray\.m2\repository\org\apache\commons\commons-exec\1.3\commons-exec-1.3.jar;C:\Users\suray\.m2\repository\org\asynchttpclient\async-http-client\2.12.3\async-http-client-2.12.3.jar;C:\Users\suray\.m2\repository\org\asynchttpclient\async-http-client-netty-utils\2.12.3\async-http-client-netty-utils-2.12.3.jar;C:\Users\suray\.m2\repository\io\netty\netty-codec-socks\4.1.60.Final\netty-codec-socks-4.1.60.Final.jar;C:\Users\suray\.m2\repository\io\netty\netty-handler-proxy\4.1.60.Final\netty-handler-proxy-4.1.60.Final.jar;C:\Users\suray\.m2\repository\io\netty\netty-transport-native-epoll\4.1.60.Final\netty-transport-native-epoll-4.1.60.Final-linux-x86_64.jar;C:\Users\suray\.m2\repository\io\netty\netty-transport-native-kqueue\4.1.60.Final\netty-transport-native-kqueue-4.1.60.Final-osx-x86_64.jar;C:\Users\suray\.m2\repository\org\reactivestreams\reactive-streams\1.0.3\reactive-streams-1.0.3.jar;C:\Users\suray\.m2\repository\com\typesafe\netty\netty-reactive-streams\2.0.4\netty-reactive-streams-2.0.4.jar;C:\Users\suray\.m2\repository\com\sun\activation\jakarta.activation\1.2.2\jakarta.activation-1.2.2.jar;C:\Users\suray\.m2\repository\org\seleniumhq\selenium\selenium-safari-driver\4.9.0\selenium-safari-driver-4.9.0.jar;C:\Users\suray\.m2\repository\org\seleniumhq\selenium\selenium-support\4.9.0\selenium-support-4.9.0.jar;C:\Users\suray\.m2\repository\io\github\bonigarcia\webdrivermanager\5.5.2\webdrivermanager-5.5.2.jar;C:\Users\suray\.m2\repository\org\slf4j\slf4j-api\2.0.7\slf4j-api-2.0.7.jar;C:\Users\suray\.m2\repository\com\google\code\gson\gson\2.10.1\gson-2.10.1.jar;C:\Users\suray\.m2\repository\com\github\docker-java\docker-java\3.3.3\docker-java-3.3.3.jar;C:\Users\suray\.m2\repository\com\github\docker-java\docker-java-core\3.3.3\docker-java-core-3.3.3.jar;C:\Users\suray\.m2\repository\com\github\docker-java\docker-java-api\3.3.3\docker-java-api-3.3.3.jar;C:\Users\suray\.m2\repository\com\fasterxml\jackson\core\jackson-annotations\2.10.3\jackson-annotations-2.10.3.jar;C:\Users\suray\.m2\repository\com\fasterxml\jackson\core\jackson-databind\2.10.3\jackson-databind-2.10.3.jar;C:\Users\suray\.m2\repository\com\fasterxml\jackson\core\jackson-core\2.10.3\jackson-core-2.10.3.jar;C:\Users\suray\.m2\repository\org\bouncycastle\bcpkix-jdk18on\1.75\bcpkix-jdk18on-1.75.jar;C:\Users\suray\.m2\repository\org\bouncycastle\bcprov-jdk18on\1.75\bcprov-jdk18on-1.75.jar;C:\Users\suray\.m2\repository\org\bouncycastle\bcutil-jdk18on\1.75\bcutil-jdk18on-1.75.jar;C:\Users\suray\.m2\repository\org\slf4j\jcl-over-slf4j\1.7.30\jcl-over-slf4j-1.7.30.jar;C:\Users\suray\.m2\repository\com\github\docker-java\docker-java-transport-httpclient5\3.3.3\docker-java-transport-httpclient5-3.3.3.jar;C:\Users\suray\.m2\repository\com\github\docker-java\docker-java-transport\3.3.3\docker-java-transport-3.3.3.jar;C:\Users\suray\.m2\repository\net\java\dev\jna\jna\5.12.1\jna-5.12.1.jar;C:\Users\suray\.m2\repository\org\brotli\dec\0.1.2\dec-0.1.2.jar;C:\Users\suray\.m2\repository\org\apache\commons\commons-lang3\3.13.0\commons-lang3-3.13.0.jar;C:\Users\suray\.m2\repository\org\apache\httpcomponents\client5\httpclient5\5.2.1\httpclient5-5.2.1.jar;C:\Users\suray\.m2\repository\org\apache\httpcomponents\core5\httpcore5\5.2\httpcore5-5.2.jar;C:\Users\suray\.m2\repository\org\apache\httpcomponents\core5\httpcore5-h2\5.2\httpcore5-h2-5.2.jar;C:\Users\suray\.m2\repository\org\apache\poi\poi\5.2.3\poi-5.2.3.jar;C:\Users\suray\.m2\repository\commons-codec\commons-codec\1.15\commons-codec-1.15.jar;C:\Users\suray\.m2\repository\org\apache\commons\commons-collections4\4.4\commons-collections4-4.4.jar;C:\Users\suray\.m2\repository\org\apache\commons\commons-math3\3.6.1\commons-math3-3.6.1.jar;C:\Users\suray\.m2\repository\com\zaxxer\SparseBitSet\1.2\SparseBitSet-1.2.jar;C:\Users\suray\.m2\repository\org\apache\logging\log4j\log4j-api\2.18.0\log4j-api-2.18.0.jar;C:\Users\suray\.m2\repository\org\apache\poi\poi-ooxml\5.2.3\poi-ooxml-5.2.3.jar;C:\Users\suray\.m2\repository\org\apache\poi\poi-ooxml-lite\5.2.3\poi-ooxml-lite-5.2.3.jar;C:\Users\suray\.m2\repository\org\apache\xmlbeans\xmlbeans\5.1.1\xmlbeans-5.1.1.jar;C:\Users\suray\.m2\repository\org\apache\commons\commons-compress\1.21\commons-compress-1.21.jar;C:\Users\suray\.m2\repository\com\github\virtuald\curvesapi\1.07\curvesapi-1.07.jar;C:\Users\suray\.m2\repository\mysql\mysql-connector-java\8.0.30\mysql-connector-java-8.0.30.jar;C:\Users\suray\.m2\repository\com\google\protobuf\protobuf-java\3.19.4\protobuf-java-3.19.4.jar;C:\Users\suray\.m2\repository\commons-io\commons-io\2.11.0\commons-io-2.11.0.jar;C:\Users\suray\.m2\repository\org\yaml\snakeyaml\1.33\snakeyaml-1.33.jar;C:\Users\suray\.m2\repository\log4j\log4j\1.2.17\log4j-1.2.17.jar;C:\Users\suray\.m2\repository\com\github\javafaker\javafaker\1.0.2\javafaker-1.0.2.jar;C:\Users\suray\.m2\repository\org\yaml\snakeyaml\1.23\snakeyaml-1.23-android.jar;C:\Users\suray\.m2\repository\com\github\mifmif\generex\1.0.2\generex-1.0.2.jar;C:\Users\suray\.m2\repository\dk\brics\automaton\automaton\1.11-8\automaton-1.11-8.jar;"/>
    <property name="java.vm.vendor" value="Oracle Corporation"/>
    <property name="sun.arch.data.model" value="64"/>
    <property name="user.variant" value=""/>
    <property name="java.vendor.url" value="https://openjdk.java.net/"/>
    <property name="user.timezone" value="America/New_York"/>
    <property name="java.vm.specification.version" value="11"/>
    <property name="os.name" value="Windows 11"/>
    <property name="sun.java.launcher" value="SUN_STANDARD"/>
    <property name="user.country" value="US"/>
    <property name="sun.boot.library.path" value="C:\Program Files\Java\jdk-11.0.15.1\bin"/>
    <property name="sun.java.command" value="C:\Users\suray\AppData\Local\Temp\surefire10750186095024726120\surefirebooter-20230908141613021_3.jar C:\Users\suray\AppData\Local\Temp\surefire10750186095024726120 2023-09-08T14-16-12_737-jvmRun1 surefire-20230908141613021_1tmp surefire_0-20230908141613021_2tmp"/>
    <property name="jdk.debug" value="release"/>
    <property name="surefire.test.class.path" value="C:\Users\suray\eclipse-workspace\tek-capstone-guardians\target\test-classes;C:\Users\suray\eclipse-workspace\tek-capstone-guardians\target\classes;C:\Users\suray\.m2\repository\io\cucumber\cucumber-java\7.8.0\cucumber-java-7.8.0.jar;C:\Users\suray\.m2\repository\io\cucumber\cucumber-core\7.8.0\cucumber-core-7.8.0.jar;C:\Users\suray\.m2\repository\io\cucumber\cucumber-gherkin\7.8.0\cucumber-gherkin-7.8.0.jar;C:\Users\suray\.m2\repository\io\cucumber\cucumber-gherkin-messages\7.8.0\cucumber-gherkin-messages-7.8.0.jar;C:\Users\suray\.m2\repository\io\cucumber\gherkin\24.0.0\gherkin-24.0.0.jar;C:\Users\suray\.m2\repository\io\cucumber\messages\19.1.2\messages-19.1.2.jar;C:\Users\suray\.m2\repository\io\cucumber\tag-expressions\4.1.0\tag-expressions-4.1.0.jar;C:\Users\suray\.m2\repository\io\cucumber\cucumber-expressions\16.0.0\cucumber-expressions-16.0.0.jar;C:\Users\suray\.m2\repository\io\cucumber\datatable\7.8.0\datatable-7.8.0.jar;C:\Users\suray\.m2\repository\io\cucumber\cucumber-plugin\7.8.0\cucumber-plugin-7.8.0.jar;C:\Users\suray\.m2\repository\io\cucumber\docstring\7.8.0\docstring-7.8.0.jar;C:\Users\suray\.m2\repository\io\cucumber\html-formatter\20.1.0\html-formatter-20.1.0.jar;C:\Users\suray\.m2\repository\io\cucumber\ci-environment\9.1.0\ci-environment-9.1.0.jar;C:\Users\suray\.m2\repository\org\apiguardian\apiguardian-api\1.1.2\apiguardian-api-1.1.2.jar;C:\Users\suray\.m2\repository\io\cucumber\cucumber-junit\7.8.0\cucumber-junit-7.8.0.jar;C:\Users\suray\.m2\repository\junit\junit\4.13.2\junit-4.13.2.jar;C:\Users\suray\.m2\repository\org\hamcrest\hamcrest-core\1.3\hamcrest-core-1.3.jar;C:\Users\suray\.m2\repository\org\seleniumhq\selenium\selenium-java\4.9.0\selenium-java-4.9.0.jar;C:\Users\suray\.m2\repository\org\seleniumhq\selenium\selenium-api\4.9.0\selenium-api-4.9.0.jar;C:\Users\suray\.m2\repository\org\seleniumhq\selenium\selenium-chrome-driver\4.9.0\selenium-chrome-driver-4.9.0.jar;C:\Users\suray\.m2\repository\com\google\auto\service\auto-service-annotations\1.0.1\auto-service-annotations-1.0.1.jar;C:\Users\suray\.m2\repository\com\google\auto\service\auto-service\1.0.1\auto-service-1.0.1.jar;C:\Users\suray\.m2\repository\com\google\auto\auto-common\1.2\auto-common-1.2.jar;C:\Users\suray\.m2\repository\com\google\guava\guava\31.1-jre\guava-31.1-jre.jar;C:\Users\suray\.m2\repository\com\google\guava\failureaccess\1.0.1\failureaccess-1.0.1.jar;C:\Users\suray\.m2\repository\com\google\guava\listenablefuture\9999.0-empty-to-avoid-conflict-with-guava\listenablefuture-9999.0-empty-to-avoid-conflict-with-guava.jar;C:\Users\suray\.m2\repository\com\google\code\findbugs\jsr305\3.0.2\jsr305-3.0.2.jar;C:\Users\suray\.m2\repository\org\checkerframework\checker-qual\3.12.0\checker-qual-3.12.0.jar;C:\Users\suray\.m2\repository\com\google\errorprone\error_prone_annotations\2.11.0\error_prone_annotations-2.11.0.jar;C:\Users\suray\.m2\repository\com\google\j2objc\j2objc-annotations\1.3\j2objc-annotations-1.3.jar;C:\Users\suray\.m2\repository\org\seleniumhq\selenium\selenium-chromium-driver\4.9.0\selenium-chromium-driver-4.9.0.jar;C:\Users\suray\.m2\repository\org\seleniumhq\selenium\selenium-json\4.9.0\selenium-json-4.9.0.jar;C:\Users\suray\.m2\repository\org\seleniumhq\selenium\selenium-manager\4.9.0\selenium-manager-4.9.0.jar;C:\Users\suray\.m2\repository\org\seleniumhq\selenium\selenium-devtools-v110\4.9.0\selenium-devtools-v110-4.9.0.jar;C:\Users\suray\.m2\repository\org\seleniumhq\selenium\selenium-devtools-v111\4.9.0\selenium-devtools-v111-4.9.0.jar;C:\Users\suray\.m2\repository\org\seleniumhq\selenium\selenium-devtools-v112\4.9.0\selenium-devtools-v112-4.9.0.jar;C:\Users\suray\.m2\repository\org\seleniumhq\selenium\selenium-devtools-v85\4.9.0\selenium-devtools-v85-4.9.0.jar;C:\Users\suray\.m2\repository\org\seleniumhq\selenium\selenium-edge-driver\4.9.0\selenium-edge-driver-4.9.0.jar;C:\Users\suray\.m2\repository\org\seleniumhq\selenium\selenium-firefox-driver\4.9.0\selenium-firefox-driver-4.9.0.jar;C:\Users\suray\.m2\repository\org\seleniumhq\selenium\selenium-http\4.9.0\selenium-http-4.9.0.jar;C:\Users\suray\.m2\repository\dev\failsafe\failsafe\3.3.1\failsafe-3.3.1.jar;C:\Users\suray\.m2\repository\org\seleniumhq\selenium\selenium-ie-driver\4.9.0\selenium-ie-driver-4.9.0.jar;C:\Users\suray\.m2\repository\org\seleniumhq\selenium\selenium-remote-driver\4.9.0\selenium-remote-driver-4.9.0.jar;C:\Users\suray\.m2\repository\com\beust\jcommander\1.82\jcommander-1.82.jar;C:\Users\suray\.m2\repository\io\netty\netty-buffer\4.1.91.Final\netty-buffer-4.1.91.Final.jar;C:\Users\suray\.m2\repository\io\netty\netty-codec-http\4.1.91.Final\netty-codec-http-4.1.91.Final.jar;C:\Users\suray\.m2\repository\io\netty\netty-codec\4.1.91.Final\netty-codec-4.1.91.Final.jar;C:\Users\suray\.m2\repository\io\netty\netty-handler\4.1.91.Final\netty-handler-4.1.91.Final.jar;C:\Users\suray\.m2\repository\io\netty\netty-common\4.1.91.Final\netty-common-4.1.91.Final.jar;C:\Users\suray\.m2\repository\io\netty\netty-transport-classes-epoll\4.1.91.Final\netty-transport-classes-epoll-4.1.91.Final.jar;C:\Users\suray\.m2\repository\io\netty\netty-transport-classes-kqueue\4.1.91.Final\netty-transport-classes-kqueue-4.1.91.Final.jar;C:\Users\suray\.m2\repository\io\netty\netty-transport-native-epoll\4.1.91.Final\netty-transport-native-epoll-4.1.91.Final.jar;C:\Users\suray\.m2\repository\io\netty\netty-transport-native-kqueue\4.1.91.Final\netty-transport-native-kqueue-4.1.91.Final.jar;C:\Users\suray\.m2\repository\io\netty\netty-transport-native-unix-common\4.1.91.Final\netty-transport-native-unix-common-4.1.91.Final.jar;C:\Users\suray\.m2\repository\io\netty\netty-transport\4.1.91.Final\netty-transport-4.1.91.Final.jar;C:\Users\suray\.m2\repository\io\netty\netty-resolver\4.1.91.Final\netty-resolver-4.1.91.Final.jar;C:\Users\suray\.m2\repository\io\opentelemetry\opentelemetry-api\1.25.0\opentelemetry-api-1.25.0.jar;C:\Users\suray\.m2\repository\io\opentelemetry\opentelemetry-context\1.25.0\opentelemetry-context-1.25.0.jar;C:\Users\suray\.m2\repository\io\opentelemetry\opentelemetry-exporter-logging\1.25.0\opentelemetry-exporter-logging-1.25.0.jar;C:\Users\suray\.m2\repository\io\opentelemetry\opentelemetry-sdk-metrics\1.25.0\opentelemetry-sdk-metrics-1.25.0.jar;C:\Users\suray\.m2\repository\io\opentelemetry\opentelemetry-sdk-logs\1.25.0-alpha\opentelemetry-sdk-logs-1.25.0-alpha.jar;C:\Users\suray\.m2\repository\io\opentelemetry\opentelemetry-api-logs\1.25.0-alpha\opentelemetry-api-logs-1.25.0-alpha.jar;C:\Users\suray\.m2\repository\io\opentelemetry\opentelemetry-api-events\1.25.0-alpha\opentelemetry-api-events-1.25.0-alpha.jar;C:\Users\suray\.m2\repository\io\opentelemetry\opentelemetry-sdk-common\1.25.0\opentelemetry-sdk-common-1.25.0.jar;C:\Users\suray\.m2\repository\io\opentelemetry\opentelemetry-sdk-extension-autoconfigure-spi\1.25.0\opentelemetry-sdk-extension-autoconfigure-spi-1.25.0.jar;C:\Users\suray\.m2\repository\io\opentelemetry\opentelemetry-sdk-extension-autoconfigure\1.25.0-alpha\opentelemetry-sdk-extension-autoconfigure-1.25.0-alpha.jar;C:\Users\suray\.m2\repository\io\opentelemetry\opentelemetry-sdk-trace\1.25.0\opentelemetry-sdk-trace-1.25.0.jar;C:\Users\suray\.m2\repository\io\opentelemetry\opentelemetry-sdk\1.25.0\opentelemetry-sdk-1.25.0.jar;C:\Users\suray\.m2\repository\io\opentelemetry\opentelemetry-semconv\1.25.0-alpha\opentelemetry-semconv-1.25.0-alpha.jar;C:\Users\suray\.m2\repository\io\ous\jtoml\2.0.0\jtoml-2.0.0.jar;C:\Users\suray\.m2\repository\net\bytebuddy\byte-buddy\1.14.4\byte-buddy-1.14.4.jar;C:\Users\suray\.m2\repository\org\apache\commons\commons-exec\1.3\commons-exec-1.3.jar;C:\Users\suray\.m2\repository\org\asynchttpclient\async-http-client\2.12.3\async-http-client-2.12.3.jar;C:\Users\suray\.m2\repository\org\asynchttpclient\async-http-client-netty-utils\2.12.3\async-http-client-netty-utils-2.12.3.jar;C:\Users\suray\.m2\repository\io\netty\netty-codec-socks\4.1.60.Final\netty-codec-socks-4.1.60.Final.jar;C:\Users\suray\.m2\repository\io\netty\netty-handler-proxy\4.1.60.Final\netty-handler-proxy-4.1.60.Final.jar;C:\Users\suray\.m2\repository\io\netty\netty-transport-native-epoll\4.1.60.Final\netty-transport-native-epoll-4.1.60.Final-linux-x86_64.jar;C:\Users\suray\.m2\repository\io\netty\netty-transport-native-kqueue\4.1.60.Final\netty-transport-native-kqueue-4.1.60.Final-osx-x86_64.jar;C:\Users\suray\.m2\repository\org\reactivestreams\reactive-streams\1.0.3\reactive-streams-1.0.3.jar;C:\Users\suray\.m2\repository\com\typesafe\netty\netty-reactive-streams\2.0.4\netty-reactive-streams-2.0.4.jar;C:\Users\suray\.m2\repository\com\sun\activation\jakarta.activation\1.2.2\jakarta.activation-1.2.2.jar;C:\Users\suray\.m2\repository\org\seleniumhq\selenium\selenium-safari-driver\4.9.0\selenium-safari-driver-4.9.0.jar;C:\Users\suray\.m2\repository\org\seleniumhq\selenium\selenium-support\4.9.0\selenium-support-4.9.0.jar;C:\Users\suray\.m2\repository\io\github\bonigarcia\webdrivermanager\5.5.2\webdrivermanager-5.5.2.jar;C:\Users\suray\.m2\repository\org\slf4j\slf4j-api\2.0.7\slf4j-api-2.0.7.jar;C:\Users\suray\.m2\repository\com\google\code\gson\gson\2.10.1\gson-2.10.1.jar;C:\Users\suray\.m2\repository\com\github\docker-java\docker-java\3.3.3\docker-java-3.3.3.jar;C:\Users\suray\.m2\repository\com\github\docker-java\docker-java-core\3.3.3\docker-java-core-3.3.3.jar;C:\Users\suray\.m2\repository\com\github\docker-java\docker-java-api\3.3.3\docker-java-api-3.3.3.jar;C:\Users\suray\.m2\repository\com\fasterxml\jackson\core\jackson-annotations\2.10.3\jackson-annotations-2.10.3.jar;C:\Users\suray\.m2\repository\com\fasterxml\jackson\core\jackson-databind\2.10.3\jackson-databind-2.10.3.jar;C:\Users\suray\.m2\repository\com\fasterxml\jackson\core\jackson-core\2.10.3\jackson-core-2.10.3.jar;C:\Users\suray\.m2\repository\org\bouncycastle\bcpkix-jdk18on\1.75\bcpkix-jdk18on-1.75.jar;C:\Users\suray\.m2\repository\org\bouncycastle\bcprov-jdk18on\1.75\bcprov-jdk18on-1.75.jar;C:\Users\suray\.m2\repository\org\bouncycastle\bcutil-jdk18on\1.75\bcutil-jdk18on-1.75.jar;C:\Users\suray\.m2\repository\org\slf4j\jcl-over-slf4j\1.7.30\jcl-over-slf4j-1.7.30.jar;C:\Users\suray\.m2\repository\com\github\docker-java\docker-java-transport-httpclient5\3.3.3\docker-java-transport-httpclient5-3.3.3.jar;C:\Users\suray\.m2\repository\com\github\docker-java\docker-java-transport\3.3.3\docker-java-transport-3.3.3.jar;C:\Users\suray\.m2\repository\net\java\dev\jna\jna\5.12.1\jna-5.12.1.jar;C:\Users\suray\.m2\repository\org\brotli\dec\0.1.2\dec-0.1.2.jar;C:\Users\suray\.m2\repository\org\apache\commons\commons-lang3\3.13.0\commons-lang3-3.13.0.jar;C:\Users\suray\.m2\repository\org\apache\httpcomponents\client5\httpclient5\5.2.1\httpclient5-5.2.1.jar;C:\Users\suray\.m2\repository\org\apache\httpcomponents\core5\httpcore5\5.2\httpcore5-5.2.jar;C:\Users\suray\.m2\repository\org\apache\httpcomponents\core5\httpcore5-h2\5.2\httpcore5-h2-5.2.jar;C:\Users\suray\.m2\repository\org\apache\poi\poi\5.2.3\poi-5.2.3.jar;C:\Users\suray\.m2\repository\commons-codec\commons-codec\1.15\commons-codec-1.15.jar;C:\Users\suray\.m2\repository\org\apache\commons\commons-collections4\4.4\commons-collections4-4.4.jar;C:\Users\suray\.m2\repository\org\apache\commons\commons-math3\3.6.1\commons-math3-3.6.1.jar;C:\Users\suray\.m2\repository\com\zaxxer\SparseBitSet\1.2\SparseBitSet-1.2.jar;C:\Users\suray\.m2\repository\org\apache\logging\log4j\log4j-api\2.18.0\log4j-api-2.18.0.jar;C:\Users\suray\.m2\repository\org\apache\poi\poi-ooxml\5.2.3\poi-ooxml-5.2.3.jar;C:\Users\suray\.m2\repository\org\apache\poi\poi-ooxml-lite\5.2.3\poi-ooxml-lite-5.2.3.jar;C:\Users\suray\.m2\repository\org\apache\xmlbeans\xmlbeans\5.1.1\xmlbeans-5.1.1.jar;C:\Users\suray\.m2\repository\org\apache\commons\commons-compress\1.21\commons-compress-1.21.jar;C:\Users\suray\.m2\repository\com\github\virtuald\curvesapi\1.07\curvesapi-1.07.jar;C:\Users\suray\.m2\repository\mysql\mysql-connector-java\8.0.30\mysql-connector-java-8.0.30.jar;C:\Users\suray\.m2\repository\com\google\protobuf\protobuf-java\3.19.4\protobuf-java-3.19.4.jar;C:\Users\suray\.m2\repository\commons-io\commons-io\2.11.0\commons-io-2.11.0.jar;C:\Users\suray\.m2\repository\org\yaml\snakeyaml\1.33\snakeyaml-1.33.jar;C:\Users\suray\.m2\repository\log4j\log4j\1.2.17\log4j-1.2.17.jar;C:\Users\suray\.m2\repository\com\github\javafaker\javafaker\1.0.2\javafaker-1.0.2.jar;C:\Users\suray\.m2\repository\org\yaml\snakeyaml\1.23\snakeyaml-1.23-android.jar;C:\Users\suray\.m2\repository\com\github\mifmif\generex\1.0.2\generex-1.0.2.jar;C:\Users\suray\.m2\repository\dk\brics\automaton\automaton\1.11-8\automaton-1.11-8.jar;"/>
    <property name="sun.cpu.endian" value="little"/>
    <property name="user.home" value="C:\Users\suray"/>
    <property name="user.language" value="en"/>
    <property name="java.specification.vendor" value="Oracle Corporation"/>
    <property name="java.version.date" value="2022-04-22"/>
    <property name="java.home" value="C:\Program Files\Java\jdk-11.0.15.1"/>
    <property name="file.separator" value="\"/>
    <property name="style.color" value="always"/>
    <property name="basedir" value="C:\Users\suray\eclipse-workspace\tek-capstone-guardians"/>
    <property name="java.vm.compressedOopsMode" value="Zero based"/>
    <property name="line.separator" value="&#10;"/>
    <property name="java.specification.name" value="Java Platform API Specification"/>
    <property name="java.vm.specification.vendor" value="Oracle Corporation"/>
    <property name="java.awt.graphicsenv" value="sun.awt.Win32GraphicsEnvironment"/>
    <property name="surefire.real.class.path" value="C:\Users\suray\AppData\Local\Temp\surefire10750186095024726120\surefirebooter-20230908141613021_3.jar"/>
    <property name="user.script" value=""/>
    <property name="sun.management.compiler" value="HotSpot 64-Bit Tiered Compilers"/>
    <property name="java.runtime.version" value="11.0.15.1+2-LTS-10"/>
    <property name="user.name" value="suray"/>
    <property name="path.separator" value=";"/>
    <property name="os.version" value="10.0"/>
    <property name="java.runtime.name" value="Java(TM) SE Runtime Environment"/>
    <property name="file.encoding" value="Cp1252"/>
    <property name="java.vm.name" value="Java HotSpot(TM) 64-Bit Server VM"/>
    <property name="java.vendor.version" value="18.9"/>
    <property name="localRepository" value="C:\Users\suray\.m2\repository"/>
    <property name="java.vendor.url.bug" value="https://bugreport.java.com/bugreport/"/>
    <property name="java.io.tmpdir" value="C:\Users\suray\AppData\Local\Temp\"/>
    <property name="java.version" value="11.0.15.1"/>
    <property name="user.dir" value="C:\Users\suray\eclipse-workspace\tek-capstone-guardians"/>
    <property name="os.arch" value="amd64"/>
    <property name="java.vm.specification.name" value="Java Virtual Machine Specification"/>
    <property name="java.awt.printerjob" value="sun.awt.windows.WPrinterJob"/>
    <property name="sun.os.patch.level" value=""/>
    <property name="java.library.path" value="C:\Program Files\Java\jdk-11.0.15.1\bin;C:\WINDOWS\Sun\Java\bin;C:\WINDOWS\system32;C:\WINDOWS;C:/Users/suray/.p2/pool/plugins/org.eclipse.justj.openjdk.hotspot.jre.full.win32.x86_64_17.0.6.v20230204-1729/jre/bin/server;C:/Users/suray/.p2/pool/plugins/org.eclipse.justj.openjdk.hotspot.jre.full.win32.x86_64_17.0.6.v20230204-1729/jre/bin;C:\Program Files\Common Files\Oracle\Java\javapath;C:\Program Files (x86)\TRICENTIS\Tosca Testsuite\ToscaCommander;;C:\Program Files (x86)\TRICENTIS\Tosca Testsuite\Classic;C:\Program Files (x86)\TRICENTIS\Tosca Testsuite\Classic\dll;C:\Program Files (x86)\TRICENTIS\Tosca Testsuite\Classic\dll\GuptaEngine;C:\Program Files (x86)\TRICENTIS\Tosca Testsuite\ToscaCommander;C:\Program Files (x86)\TRICENTIS\Tosca Testsuite\Classic\dll\DelphiEngine;C:\Program Files (x86)\TRICENTIS\Tosca Testsuite\Classic\dll\PBEngine;C:\Program Files (x86)\TRICENTIS\Tosca Testsuite\Classic\dll\VBEngine;C:\Program Files (x86)\TRICENTIS\Tosca Testsuite\Classic\dll\DotNetHooking;;C:\WINDOWS\system32;C:\WINDOWS;C:\WINDOWS\System32\Wbem;C:\WINDOWS\System32\WindowsPowerShell\v1.0\;C:\WINDOWS\System32\OpenSSH\;C:\Program Files\dotnet\;C:\apache-maven-3.9.2\bin;C:\Program Files\Git\cmd;C:\Users\suray\AppData\Local\Microsoft\WindowsApps;;C:\Users\suray\eclipse\java-2023-03\eclipse;;."/>
    <property name="java.vendor" value="Oracle Corporation"/>
    <property name="java.vm.info" value="mixed mode"/>
    <property name="java.vm.version" value="11.0.15.1+2-LTS-10"/>
    <property name="sun.io.unicode.encoding" value="UnicodeLittle"/>
    <property name="java.class.version" value="55.0"/>
  </properties>
  <testcase name="Verify Shop by Department sidebar" classname="Retail Home Page" time="3.533">
    <system-out><![CDATA[
@verifySideBar
Scenario: Verify Shop by Department sidebar                    # features/Home.feature:8
{browser=chrome, headless=false, url=https://tek-retail-ui.azurewebsites.net/}
 INFO [main] (SigInSteps.java:22)- TEKTEKSCHOOL logo is displayed
  Given User is on retail website homepage                     # tek.capstone.framework.steps.SigInSteps.userIsOnRetailWebsiteHomepage()
 INFO [main] (HomeSteps.java:23)- All Options dropdown was clicked
  When User click on All section                               # tek.capstone.framework.steps.HomeSteps.userClickOnAllSection()
 INFO [main] (HomeSteps.java:32)- Option Electronics is displayed
 INFO [main] (HomeSteps.java:32)- Option Computers is displayed
 INFO [main] (HomeSteps.java:32)- Option Smart Home is displayed
 INFO [main] (HomeSteps.java:32)- Option Sports is displayed
 INFO [main] (HomeSteps.java:32)- Option Automative is displayed
  Then below options are present in Shop by Department sidebar # tek.capstone.framework.steps.HomeSteps.belowOptionsArePresentInShopByDepartmentSidebar(io.cucumber.datatable.DataTable)
    | Electronics | Computers | Smart Home | Sports | Automative |
]]></system-out>
    <system-err><![CDATA[SLF4J: No SLF4J providers were found.
SLF4J: Defaulting to no-operation (NOP) logger implementation
SLF4J: See https://www.slf4j.org/codes.html#noProviders for further details.
ERROR StatusLogger Log4j2 could not find a logging implementation. Please add log4j-core to the classpath. Using SimpleLogger to log to the console...
Starting ChromeDriver 116.0.5845.96 (1a391816688002153ef791ffe60d9e899a71a037-refs/branch-heads/5845@{#1382}) on port 42885
Only local connections are allowed.
Please see https://chromedriver.chromium.org/security-considerations for suggestions on keeping ChromeDriver safe.
ChromeDriver was started successfully.
Sep 08, 2023 2:16:15 PM org.openqa.selenium.devtools.CdpVersionFinder findNearestMatch
WARNING: Unable to find an exact match for CDP version 116, so returning the closest version found: 112
]]></system-err>
  </testcase>
  <testcase name="Verify department sidebar options #1" classname="Retail Home Page" time="2.174">
    <system-out><![CDATA[
@sidebarOption
Scenario Outline: Verify department sidebar options # features/Home.feature:20
{browser=chrome, headless=false, url=https://tek-retail-ui.azurewebsites.net/}
 INFO [main] (SigInSteps.java:22)- TEKTEKSCHOOL logo is displayed
  Given User is on retail website homepage          # tek.capstone.framework.steps.SigInSteps.userIsOnRetailWebsiteHomepage()
 INFO [main] (HomeSteps.java:23)- All Options dropdown was clicked
  When User click on All section                    # tek.capstone.framework.steps.HomeSteps.userClickOnAllSection()
  And User on 'Electronics'                         # tek.capstone.framework.steps.HomeSteps.userOn(java.lang.String)
 INFO [main] (HomeSteps.java:55)- Option TV & Video is displayed
 INFO [main] (HomeSteps.java:55)- Option Video Games is displayed
  Then below options are present in department      # tek.capstone.framework.steps.HomeSteps.belowOptionsArePresentInDepartment(io.cucumber.datatable.DataTable)
    | TV & Video | Video Games |
]]></system-out>
    <system-err><![CDATA[Starting ChromeDriver 116.0.5845.96 (1a391816688002153ef791ffe60d9e899a71a037-refs/branch-heads/5845@{#1382}) on port 17423
Only local connections are allowed.
Please see https://chromedriver.chromium.org/security-considerations for suggestions on keeping ChromeDriver safe.
ChromeDriver was started successfully.
Sep 08, 2023 2:16:18 PM org.openqa.selenium.devtools.CdpVersionFinder findNearestMatch
WARNING: Unable to find an exact match for CDP version 116, so returning the closest version found: 112
]]></system-err>
  </testcase>
  <testcase name="Verify department sidebar options #2" classname="Retail Home Page" time="2.176">
    <system-out><![CDATA[
@sidebarOption
Scenario Outline: Verify department sidebar options # features/Home.feature:21
{browser=chrome, headless=false, url=https://tek-retail-ui.azurewebsites.net/}
 INFO [main] (SigInSteps.java:22)- TEKTEKSCHOOL logo is displayed
  Given User is on retail website homepage          # tek.capstone.framework.steps.SigInSteps.userIsOnRetailWebsiteHomepage()
 INFO [main] (HomeSteps.java:23)- All Options dropdown was clicked
  When User click on All section                    # tek.capstone.framework.steps.HomeSteps.userClickOnAllSection()
  And User on 'Computers'                           # tek.capstone.framework.steps.HomeSteps.userOn(java.lang.String)
 INFO [main] (HomeSteps.java:55)- Option Accessories is displayed
 INFO [main] (HomeSteps.java:55)- Option Networking is displayed
  Then below options are present in department      # tek.capstone.framework.steps.HomeSteps.belowOptionsArePresentInDepartment(io.cucumber.datatable.DataTable)
    | Accessories | Networking |
]]></system-out>
    <system-err><![CDATA[Starting ChromeDriver 116.0.5845.96 (1a391816688002153ef791ffe60d9e899a71a037-refs/branch-heads/5845@{#1382}) on port 6921
Only local connections are allowed.
Please see https://chromedriver.chromium.org/security-considerations for suggestions on keeping ChromeDriver safe.
ChromeDriver was started successfully.
Sep 08, 2023 2:16:20 PM org.openqa.selenium.devtools.CdpVersionFinder findNearestMatch
WARNING: Unable to find an exact match for CDP version 116, so returning the closest version found: 112
]]></system-err>
  </testcase>
  <testcase name="Verify department sidebar options #3" classname="Retail Home Page" time="2.203">
    <system-out><![CDATA[
@sidebarOption
Scenario Outline: Verify department sidebar options # features/Home.feature:22
{browser=chrome, headless=false, url=https://tek-retail-ui.azurewebsites.net/}
 INFO [main] (SigInSteps.java:22)- TEKTEKSCHOOL logo is displayed
  Given User is on retail website homepage          # tek.capstone.framework.steps.SigInSteps.userIsOnRetailWebsiteHomepage()
 INFO [main] (HomeSteps.java:23)- All Options dropdown was clicked
  When User click on All section                    # tek.capstone.framework.steps.HomeSteps.userClickOnAllSection()
  And User on 'Smart Home'                          # tek.capstone.framework.steps.HomeSteps.userOn(java.lang.String)
 INFO [main] (HomeSteps.java:55)- Option Smart Home Lightning is displayed
 INFO [main] (HomeSteps.java:55)- Option Plugs and Outlets is displayed
  Then below options are present in department      # tek.capstone.framework.steps.HomeSteps.belowOptionsArePresentInDepartment(io.cucumber.datatable.DataTable)
    | Smart Home Lightning | Plugs and Outlets |
]]></system-out>
    <system-err><![CDATA[Starting ChromeDriver 116.0.5845.96 (1a391816688002153ef791ffe60d9e899a71a037-refs/branch-heads/5845@{#1382}) on port 11054
Only local connections are allowed.
Please see https://chromedriver.chromium.org/security-considerations for suggestions on keeping ChromeDriver safe.
ChromeDriver was started successfully.
Sep 08, 2023 2:16:22 PM org.openqa.selenium.devtools.CdpVersionFinder findNearestMatch
WARNING: Unable to find an exact match for CDP version 116, so returning the closest version found: 112
]]></system-err>
  </testcase>
  <testcase name="Verify department sidebar options #4" classname="Retail Home Page" time="2.155">
    <system-out><![CDATA[
@sidebarOption
Scenario Outline: Verify department sidebar options # features/Home.feature:23
{browser=chrome, headless=false, url=https://tek-retail-ui.azurewebsites.net/}
 INFO [main] (SigInSteps.java:22)- TEKTEKSCHOOL logo is displayed
  Given User is on retail website homepage          # tek.capstone.framework.steps.SigInSteps.userIsOnRetailWebsiteHomepage()
 INFO [main] (HomeSteps.java:23)- All Options dropdown was clicked
  When User click on All section                    # tek.capstone.framework.steps.HomeSteps.userClickOnAllSection()
  And User on 'Sports'                              # tek.capstone.framework.steps.HomeSteps.userOn(java.lang.String)
 INFO [main] (HomeSteps.java:55)- Option Athletic Clothing is displayed
 INFO [main] (HomeSteps.java:55)- Option Exercise & Fitness is displayed
  Then below options are present in department      # tek.capstone.framework.steps.HomeSteps.belowOptionsArePresentInDepartment(io.cucumber.datatable.DataTable)
    | Athletic Clothing | Exercise & Fitness |
]]></system-out>
    <system-err><![CDATA[Starting ChromeDriver 116.0.5845.96 (1a391816688002153ef791ffe60d9e899a71a037-refs/branch-heads/5845@{#1382}) on port 17474
Only local connections are allowed.
Please see https://chromedriver.chromium.org/security-considerations for suggestions on keeping ChromeDriver safe.
ChromeDriver was started successfully.
Sep 08, 2023 2:16:24 PM org.openqa.selenium.devtools.CdpVersionFinder findNearestMatch
WARNING: Unable to find an exact match for CDP version 116, so returning the closest version found: 112
]]></system-err>
  </testcase>
  <testcase name="Verify department sidebar options #5" classname="Retail Home Page" time="2.152">
    <system-out><![CDATA[
@sidebarOption
Scenario Outline: Verify department sidebar options # features/Home.feature:24
{browser=chrome, headless=false, url=https://tek-retail-ui.azurewebsites.net/}
 INFO [main] (SigInSteps.java:22)- TEKTEKSCHOOL logo is displayed
  Given User is on retail website homepage          # tek.capstone.framework.steps.SigInSteps.userIsOnRetailWebsiteHomepage()
 INFO [main] (HomeSteps.java:23)- All Options dropdown was clicked
  When User click on All section                    # tek.capstone.framework.steps.HomeSteps.userClickOnAllSection()
  And User on 'Automotive'                          # tek.capstone.framework.steps.HomeSteps.userOn(java.lang.String)
  Then below options are present in department      # tek.capstone.framework.steps.HomeSteps.belowOptionsArePresentInDepartment(io.cucumber.datatable.DataTable)
    | Automative Parts & Accessories | MotorCycle & Powersports |
]]></system-out>
    <system-err><![CDATA[Starting ChromeDriver 116.0.5845.96 (1a391816688002153ef791ffe60d9e899a71a037-refs/branch-heads/5845@{#1382}) on port 43933
Only local connections are allowed.
Please see https://chromedriver.chromium.org/security-considerations for suggestions on keeping ChromeDriver safe.
ChromeDriver was started successfully.
Sep 08, 2023 2:16:26 PM org.openqa.selenium.devtools.CdpVersionFinder findNearestMatch
WARNING: Unable to find an exact match for CDP version 116, so returning the closest version found: 112
]]></system-err>
  </testcase>
  <testcase name="Verify User can update Profile Information" classname="Retail Account Page" time="3.551">
    <system-out><![CDATA[
Scenario: Verify User can update Profile Information                               # features/RetailAccount.feature:13
{browser=chrome, headless=false, url=https://tek-retail-ui.azurewebsites.net/}
 INFO [main] (SigInSteps.java:22)- TEKTEKSCHOOL logo is displayed
  Given User is on retail website homepage                                         # tek.capstone.framework.steps.SigInSteps.userIsOnRetailWebsiteHomepage()
 INFO [main] (SigInSteps.java:28)- Login link was clicked successfully
  When User click on the login link                                                # tek.capstone.framework.steps.SigInSteps.userClickOnTheLoginLink()
 INFO [main] (SigInSteps.java:35)- Email and password were entered successfully
  And User enter email 'Guardiansbdd123@gmail.com' and password 'Guardiansbdd#123' # tek.capstone.framework.steps.SigInSteps.userEnterEmailAndPassword(java.lang.String,java.lang.String)
 INFO [main] (SigInSteps.java:41)- Login button was clicked successfully
  And User click on login button                                                   # tek.capstone.framework.steps.SigInSteps.userClickOnLoginButton()
 INFO [main] (SigInSteps.java:48)- User is logged in successfully
  And User should be logged in into Account                                        # tek.capstone.framework.steps.SigInSteps.verifyUserIsLoggedIn()
 INFO [main] (RetailAccountSteps.java:24)-  user click on account option
  When User click on Account option                                                # tek.capstone.framework.steps.RetailAccountSteps.userClickOnAccountOption()
 INFO [main] (RetailAccountSteps.java:24)-  user click on account option
  When User click on Account option                                                # tek.capstone.framework.steps.RetailAccountSteps.userClickOnAccountOption()
 INFO [main] (RetailAccountSteps.java:31)- Name was entered successfully
 INFO [main] (RetailAccountSteps.java:35)- PhoneNumber was entered successfully
  And User update Name 'Tamo Jan' and Phone 'phoneNumber'                          # tek.capstone.framework.steps.RetailAccountSteps.userUpdateNameAndPhone(java.lang.String,java.lang.String)
 INFO [main] (RetailAccountSteps.java:42)- >> user click on update  button
  And User click on Update button                                                  # tek.capstone.framework.steps.RetailAccountSteps.userClickOnUpdateButton()
 INFO [main] (RetailAccountSteps.java:52)- >> user profile option shuld be updated
  Then user profile information should be updated                                  # tek.capstone.framework.steps.RetailAccountSteps.userProfileInformationShouldBeUpdated()
]]></system-out>
    <system-err><![CDATA[Starting ChromeDriver 116.0.5845.96 (1a391816688002153ef791ffe60d9e899a71a037-refs/branch-heads/5845@{#1382}) on port 30967
Only local connections are allowed.
Please see https://chromedriver.chromium.org/security-considerations for suggestions on keeping ChromeDriver safe.
ChromeDriver was started successfully.
Sep 08, 2023 2:16:29 PM org.openqa.selenium.devtools.CdpVersionFinder findNearestMatch
WARNING: Unable to find an exact match for CDP version 116, so returning the closest version found: 112
]]></system-err>
  </testcase>
  <testcase name="Verify User can add a payment method" classname="Retail Account Page" time="3.502">
    <system-out><![CDATA[
Scenario: Verify User can add a payment method                                     # features/RetailAccount.feature:20
{browser=chrome, headless=false, url=https://tek-retail-ui.azurewebsites.net/}
 INFO [main] (SigInSteps.java:22)- TEKTEKSCHOOL logo is displayed
  Given User is on retail website homepage                                         # tek.capstone.framework.steps.SigInSteps.userIsOnRetailWebsiteHomepage()
 INFO [main] (SigInSteps.java:28)- Login link was clicked successfully
  When User click on the login link                                                # tek.capstone.framework.steps.SigInSteps.userClickOnTheLoginLink()
 INFO [main] (SigInSteps.java:35)- Email and password were entered successfully
  And User enter email 'Guardiansbdd123@gmail.com' and password 'Guardiansbdd#123' # tek.capstone.framework.steps.SigInSteps.userEnterEmailAndPassword(java.lang.String,java.lang.String)
 INFO [main] (SigInSteps.java:41)- Login button was clicked successfully
  And User click on login button                                                   # tek.capstone.framework.steps.SigInSteps.userClickOnLoginButton()
 INFO [main] (SigInSteps.java:48)- User is logged in successfully
  And User should be logged in into Account                                        # tek.capstone.framework.steps.SigInSteps.verifyUserIsLoggedIn()
 INFO [main] (RetailAccountSteps.java:24)-  user click on account option
  When User click on Account option                                                # tek.capstone.framework.steps.RetailAccountSteps.userClickOnAccountOption()
 INFO [main] (RetailAccountSteps.java:59)- >> user click on addpayment link
  And User click on Add a payment method link                                      # tek.capstone.framework.steps.RetailAccountSteps.userClickOnAddAPaymentMethodLink()
 INFO [main] (RetailAccountSteps.java:75)- User shuld fill Debit or credit card information
  And User fill Debit or credit card information                                   # tek.capstone.framework.steps.RetailAccountSteps.userFillDebitOrCreditCardInformation(io.cucumber.datatable.DataTable)
    | cardNumber | nameOnCard | expirationMonth | expirationYear | securityCode |
    | cardNumber | Tamo Jan   | 11              | 2023           | 324          |
 INFO [main] (RetailAccountSteps.java:111)- user click on submithBtn
  And User click on Add your card button                                           # tek.capstone.framework.steps.RetailAccountSteps.userClickOnAddYourCardButton()
 INFO [main] (RetailAccountSteps.java:118)- Payment Method added successfully
  Then a message should be displayed â€˜Payment Method added successfullyâ€™           # tek.capstone.framework.steps.RetailAccountSteps.aMessageShouldBeDisplayedPaymentMethodAddedSuccessfully()
]]></system-out>
    <system-err><![CDATA[Starting ChromeDriver 116.0.5845.96 (1a391816688002153ef791ffe60d9e899a71a037-refs/branch-heads/5845@{#1382}) on port 9796
Only local connections are allowed.
Please see https://chromedriver.chromium.org/security-considerations for suggestions on keeping ChromeDriver safe.
ChromeDriver was started successfully.
Sep 08, 2023 2:16:32 PM org.openqa.selenium.devtools.CdpVersionFinder findNearestMatch
WARNING: Unable to find an exact match for CDP version 116, so returning the closest version found: 112
]]></system-err>
  </testcase>
  <testcase name="Verify User can edit Debit or Credit card" classname="Retail Account Page" time="3.283">
    <system-out><![CDATA[
Scenario: Verify User can edit Debit or Credit card                                # features/RetailAccount.feature:29
{browser=chrome, headless=false, url=https://tek-retail-ui.azurewebsites.net/}
 INFO [main] (SigInSteps.java:22)- TEKTEKSCHOOL logo is displayed
  Given User is on retail website homepage                                         # tek.capstone.framework.steps.SigInSteps.userIsOnRetailWebsiteHomepage()
 INFO [main] (SigInSteps.java:28)- Login link was clicked successfully
  When User click on the login link                                                # tek.capstone.framework.steps.SigInSteps.userClickOnTheLoginLink()
 INFO [main] (SigInSteps.java:35)- Email and password were entered successfully
  And User enter email 'Guardiansbdd123@gmail.com' and password 'Guardiansbdd#123' # tek.capstone.framework.steps.SigInSteps.userEnterEmailAndPassword(java.lang.String,java.lang.String)
 INFO [main] (SigInSteps.java:41)- Login button was clicked successfully
  And User click on login button                                                   # tek.capstone.framework.steps.SigInSteps.userClickOnLoginButton()
 INFO [main] (SigInSteps.java:48)- User is logged in successfully
  And User should be logged in into Account                                        # tek.capstone.framework.steps.SigInSteps.verifyUserIsLoggedIn()
 INFO [main] (RetailAccountSteps.java:24)-  user click on account option
  When User click on Account option                                                # tek.capstone.framework.steps.RetailAccountSteps.userClickOnAccountOption()
 INFO [main] (RetailAccountSteps.java:126)- User click on Edit option of card section
  And User click on Edit option of card section                                    # tek.capstone.framework.steps.RetailAccountSteps.userClickOnEditOptionOfCardSection()
 INFO [main] (RetailAccountSteps.java:137)- User should edit Debit or credit card information
  And user edit information with below data                                        # tek.capstone.framework.steps.RetailAccountSteps.userEditInformationWithBelowData(io.cucumber.datatable.DataTable)
    | cardNumber | nameOnCard  | expirationMonth | expirationYear | securityCode |
    | cardNumber | Tammoo John | 12              | 1013           | 321          |
 INFO [main] (RetailAccountSteps.java:157)- >> user click on Update Your Card button
  And user click on Update Your Card button                                        # tek.capstone.framework.steps.RetailAccountSteps.userClickOnUpdateYourCardButton()
 INFO [main] (RetailAccountSteps.java:164)- >> Payment Method is updated Successfully
  Then a message should be displayed â€˜Payment Method updated Successfullyâ€™         # tek.capstone.framework.steps.RetailAccountSteps.aMessageShouldBeDisplayedPaymentMethodUpdatedSuccessfully()
]]></system-out>
    <system-err><![CDATA[Starting ChromeDriver 116.0.5845.96 (1a391816688002153ef791ffe60d9e899a71a037-refs/branch-heads/5845@{#1382}) on port 45375
Only local connections are allowed.
Please see https://chromedriver.chromium.org/security-considerations for suggestions on keeping ChromeDriver safe.
ChromeDriver was started successfully.
Sep 08, 2023 2:16:36 PM org.openqa.selenium.devtools.CdpVersionFinder findNearestMatch
WARNING: Unable to find an exact match for CDP version 116, so returning the closest version found: 112
]]></system-err>
  </testcase>
  <testcase name="Verify User can remove Debit or Credit card" classname="Retail Account Page" time="2.76">
    <system-out><![CDATA[
Scenario: Verify User can remove Debit or Credit card                              # features/RetailAccount.feature:38
{browser=chrome, headless=false, url=https://tek-retail-ui.azurewebsites.net/}
 INFO [main] (SigInSteps.java:22)- TEKTEKSCHOOL logo is displayed
  Given User is on retail website homepage                                         # tek.capstone.framework.steps.SigInSteps.userIsOnRetailWebsiteHomepage()
 INFO [main] (SigInSteps.java:28)- Login link was clicked successfully
  When User click on the login link                                                # tek.capstone.framework.steps.SigInSteps.userClickOnTheLoginLink()
 INFO [main] (SigInSteps.java:35)- Email and password were entered successfully
  And User enter email 'Guardiansbdd123@gmail.com' and password 'Guardiansbdd#123' # tek.capstone.framework.steps.SigInSteps.userEnterEmailAndPassword(java.lang.String,java.lang.String)
 INFO [main] (SigInSteps.java:41)- Login button was clicked successfully
  And User click on login button                                                   # tek.capstone.framework.steps.SigInSteps.userClickOnLoginButton()
 INFO [main] (SigInSteps.java:48)- User is logged in successfully
  And User should be logged in into Account                                        # tek.capstone.framework.steps.SigInSteps.verifyUserIsLoggedIn()
 INFO [main] (RetailAccountSteps.java:24)-  user click on account option
  When User click on Account option                                                # tek.capstone.framework.steps.RetailAccountSteps.userClickOnAccountOption()
 INFO [main] (RetailAccountSteps.java:173)- >> user click on remove Your Card button
  And User click on remove option of card section                                  # tek.capstone.framework.steps.RetailAccountSteps.userClickOnRemoveOptionOfCardSection()
 INFO [main] (RetailAccountSteps.java:179)- >> payment datail is removerd
  Then payment details should be removed                                           # tek.capstone.framework.steps.RetailAccountSteps.paymentDetailsShouldBeRemoved()
]]></system-out>
    <system-err><![CDATA[Starting ChromeDriver 116.0.5845.96 (1a391816688002153ef791ffe60d9e899a71a037-refs/branch-heads/5845@{#1382}) on port 38276
Only local connections are allowed.
Please see https://chromedriver.chromium.org/security-considerations for suggestions on keeping ChromeDriver safe.
ChromeDriver was started successfully.
Sep 08, 2023 2:16:39 PM org.openqa.selenium.devtools.CdpVersionFinder findNearestMatch
WARNING: Unable to find an exact match for CDP version 116, so returning the closest version found: 112
]]></system-err>
  </testcase>
  <testcase name="Verify User can add an Address" classname="Retail Account Page" time="4.324">
    <system-out><![CDATA[
Scenario: Verify User can add an Address                                           # features/RetailAccount.feature:43
{browser=chrome, headless=false, url=https://tek-retail-ui.azurewebsites.net/}
 INFO [main] (SigInSteps.java:22)- TEKTEKSCHOOL logo is displayed
  Given User is on retail website homepage                                         # tek.capstone.framework.steps.SigInSteps.userIsOnRetailWebsiteHomepage()
 INFO [main] (SigInSteps.java:28)- Login link was clicked successfully
  When User click on the login link                                                # tek.capstone.framework.steps.SigInSteps.userClickOnTheLoginLink()
 INFO [main] (SigInSteps.java:35)- Email and password were entered successfully
  And User enter email 'Guardiansbdd123@gmail.com' and password 'Guardiansbdd#123' # tek.capstone.framework.steps.SigInSteps.userEnterEmailAndPassword(java.lang.String,java.lang.String)
 INFO [main] (SigInSteps.java:41)- Login button was clicked successfully
  And User click on login button                                                   # tek.capstone.framework.steps.SigInSteps.userClickOnLoginButton()
 INFO [main] (SigInSteps.java:48)- User is logged in successfully
  And User should be logged in into Account                                        # tek.capstone.framework.steps.SigInSteps.verifyUserIsLoggedIn()
 INFO [main] (RetailAccountSteps.java:24)-  user click on account option
  When User click on Account option                                                # tek.capstone.framework.steps.RetailAccountSteps.userClickOnAccountOption()
 INFO [main] (RetailAccountSteps.java:186)- >> user click on add addressBtn
  And User click on Add address option                                             # tek.capstone.framework.steps.RetailAccountSteps.userClickOnAddAddressOption()
 INFO [main] (RetailAccountSteps.java:216)- Address information added
  And user fill new address form with below information                            # tek.capstone.framework.steps.RetailAccountSteps.userFillNewAddressFormWithBelowInformation(io.cucumber.datatable.DataTable)
    | country      | fullName      | phoneNumber | streetAddress | apt      | city      | state      | zipCode      |
    | countryValue | fullnameValue | PhoneValue  | stAddress     | aptValue | cityValue | stateValue | zipCodeValue |
 INFO [main] (RetailAccountSteps.java:259)- >>usre cicked on add your addressBtn
  And User click Add Your Address button                                           # tek.capstone.framework.steps.RetailAccountSteps.userClickAddYourAddressButton()
 INFO [main] (RetailAccountSteps.java:266)- >>Address Added Successfully
  Then a message should be displayed â€™Address Added Successfullyâ€™                  # tek.capstone.framework.steps.RetailAccountSteps.aMessageShouldBeDisplayedAddressAddedSuccessfully()
]]></system-out>
    <system-err><![CDATA[Starting ChromeDriver 116.0.5845.96 (1a391816688002153ef791ffe60d9e899a71a037-refs/branch-heads/5845@{#1382}) on port 11629
Only local connections are allowed.
Please see https://chromedriver.chromium.org/security-considerations for suggestions on keeping ChromeDriver safe.
ChromeDriver was started successfully.
Sep 08, 2023 2:16:42 PM org.openqa.selenium.devtools.CdpVersionFinder findNearestMatch
WARNING: Unable to find an exact match for CDP version 116, so returning the closest version found: 112
]]></system-err>
  </testcase>
  <testcase name="Verify User can edit an Address added on account" classname="Retail Account Page" time="3.255">
    <system-out><![CDATA[
Scenario: Verify User can edit an Address added on account                         # features/RetailAccount.feature:52
{browser=chrome, headless=false, url=https://tek-retail-ui.azurewebsites.net/}
 INFO [main] (SigInSteps.java:22)- TEKTEKSCHOOL logo is displayed
  Given User is on retail website homepage                                         # tek.capstone.framework.steps.SigInSteps.userIsOnRetailWebsiteHomepage()
 INFO [main] (SigInSteps.java:28)- Login link was clicked successfully
  When User click on the login link                                                # tek.capstone.framework.steps.SigInSteps.userClickOnTheLoginLink()
 INFO [main] (SigInSteps.java:35)- Email and password were entered successfully
  And User enter email 'Guardiansbdd123@gmail.com' and password 'Guardiansbdd#123' # tek.capstone.framework.steps.SigInSteps.userEnterEmailAndPassword(java.lang.String,java.lang.String)
 INFO [main] (SigInSteps.java:41)- Login button was clicked successfully
  And User click on login button                                                   # tek.capstone.framework.steps.SigInSteps.userClickOnLoginButton()
 INFO [main] (SigInSteps.java:48)- User is logged in successfully
  And User should be logged in into Account                                        # tek.capstone.framework.steps.SigInSteps.verifyUserIsLoggedIn()
 INFO [main] (RetailAccountSteps.java:24)-  user click on account option
  When User click on Account option                                                # tek.capstone.framework.steps.RetailAccountSteps.userClickOnAccountOption()
 INFO [main] (RetailAccountSteps.java:274)- >>User click on edit address option
  And User click on edit address option                                            # tek.capstone.framework.steps.RetailAccountSteps.userClickOnEditAddressOption()
 INFO [main] (RetailAccountSteps.java:287)- Address information updated
  And user edit new address form with below information                            # tek.capstone.framework.steps.RetailAccountSteps.userEditNewAddressFormWithBelowInformation(io.cucumber.datatable.DataTable)
    | country       | fullName    | phoneNumber | streetAddress | apt | city     | state    | zipCode |
    | United States | Tammoo John | 2023452344  | 211 main St   | 654 | Sterling | Virginia | 20164   |
 INFO [main] (RetailAccountSteps.java:350)- >>User click on update addressBtn
  And User click update Your Address button                                        # tek.capstone.framework.steps.RetailAccountSteps.userClickUpdateYourAddressButton()
 INFO [main] (RetailAccountSteps.java:357)- >>Address Updated Successfully
  Then a message should be displayed â€™Address Updated Successfullyâ€™                # tek.capstone.framework.steps.RetailAccountSteps.aMessageShouldBeDisplayedAddressUpdatedSuccessfully()
]]></system-out>
    <system-err><![CDATA[Starting ChromeDriver 116.0.5845.96 (1a391816688002153ef791ffe60d9e899a71a037-refs/branch-heads/5845@{#1382}) on port 29898
Only local connections are allowed.
Please see https://chromedriver.chromium.org/security-considerations for suggestions on keeping ChromeDriver safe.
ChromeDriver was started successfully.
Sep 08, 2023 2:16:46 PM org.openqa.selenium.devtools.CdpVersionFinder findNearestMatch
WARNING: Unable to find an exact match for CDP version 116, so returning the closest version found: 112
]]></system-err>
  </testcase>
  <testcase name="Verify User can remove Address from Account" classname="Retail Account Page" time="2.562">
    <system-out><![CDATA[
Scenario: Verify User can remove Address from Account                              # features/RetailAccount.feature:61
{browser=chrome, headless=false, url=https://tek-retail-ui.azurewebsites.net/}
 INFO [main] (SigInSteps.java:22)- TEKTEKSCHOOL logo is displayed
  Given User is on retail website homepage                                         # tek.capstone.framework.steps.SigInSteps.userIsOnRetailWebsiteHomepage()
 INFO [main] (SigInSteps.java:28)- Login link was clicked successfully
  When User click on the login link                                                # tek.capstone.framework.steps.SigInSteps.userClickOnTheLoginLink()
 INFO [main] (SigInSteps.java:35)- Email and password were entered successfully
  And User enter email 'Guardiansbdd123@gmail.com' and password 'Guardiansbdd#123' # tek.capstone.framework.steps.SigInSteps.userEnterEmailAndPassword(java.lang.String,java.lang.String)
 INFO [main] (SigInSteps.java:41)- Login button was clicked successfully
  And User click on login button                                                   # tek.capstone.framework.steps.SigInSteps.userClickOnLoginButton()
 INFO [main] (SigInSteps.java:48)- User is logged in successfully
  And User should be logged in into Account                                        # tek.capstone.framework.steps.SigInSteps.verifyUserIsLoggedIn()
 INFO [main] (RetailAccountSteps.java:24)-  user click on account option
  When User click on Account option                                                # tek.capstone.framework.steps.RetailAccountSteps.userClickOnAccountOption()
 INFO [main] (RetailAccountSteps.java:366)- User clicked on remove option of Address section
  And User click on remove option of Address section                               # tek.capstone.framework.steps.RetailAccountSteps.userClickOnRemoveOptionOfAddressSection()
  Then Address details should be removed                                           # tek.capstone.framework.steps.RetailAccountSteps.addressDetailsShouldBeRemoved()
]]></system-out>
    <system-err><![CDATA[Starting ChromeDriver 116.0.5845.96 (1a391816688002153ef791ffe60d9e899a71a037-refs/branch-heads/5845@{#1382}) on port 46823
Only local connections are allowed.
Please see https://chromedriver.chromium.org/security-considerations for suggestions on keeping ChromeDriver safe.
ChromeDriver was started successfully.
Sep 08, 2023 2:16:49 PM org.openqa.selenium.devtools.CdpVersionFinder findNearestMatch
WARNING: Unable to find an exact match for CDP version 116, so returning the closest version found: 112
]]></system-err>
  </testcase>
  <testcase name="Verify User can add an item to cart" classname="Retail Order Page" time="3.039">
    <system-out><![CDATA[
Scenario: Verify User can add an item to cart                                      # features/RetailOrder.feature:12
{browser=chrome, headless=false, url=https://tek-retail-ui.azurewebsites.net/}
 INFO [main] (SigInSteps.java:22)- TEKTEKSCHOOL logo is displayed
  Given User is on retail website homepage                                         # tek.capstone.framework.steps.SigInSteps.userIsOnRetailWebsiteHomepage()
 INFO [main] (SigInSteps.java:28)- Login link was clicked successfully
  When User click on the login link                                                # tek.capstone.framework.steps.SigInSteps.userClickOnTheLoginLink()
 INFO [main] (SigInSteps.java:35)- Email and password were entered successfully
  And User enter email 'Guardiansbdd123@gmail.com' and password 'Guardiansbdd#123' # tek.capstone.framework.steps.SigInSteps.userEnterEmailAndPassword(java.lang.String,java.lang.String)
 INFO [main] (SigInSteps.java:41)- Login button was clicked successfully
  And User click on login button                                                   # tek.capstone.framework.steps.SigInSteps.userClickOnLoginButton()
 INFO [main] (RetailOrderSteps.java:27)- >> user is on the retail website
  Then Verify user is logged in                                                    # tek.capstone.framework.steps.RetailOrderSteps.verifyUserIsLoggedIn()
 INFO [main] (RetailOrderSteps.java:36)- Category is changed to Smart Home successfully
  And User change the category to 'Smart Home'                                     # tek.capstone.framework.steps.RetailOrderSteps.userChangeTheCategoryTo(java.lang.String)
 INFO [main] (RetailOrderSteps.java:42)- user searching for kasa outdoor smart plug
  And User search for an item 'kasa outdoor smart plug'                            # tek.capstone.framework.steps.RetailOrderSteps.userSearchForAnItem(java.lang.String)
 INFO [main] (RetailOrderSteps.java:48)- user clicked on iteam seccessufully
  And User click on Search icon                                                    # tek.capstone.framework.steps.RetailOrderSteps.userClickOnSearchIcon()
 INFO [main] (RetailOrderSteps.java:54)- >> user clicked on item seccessfully
  And User click on item                                                           # tek.capstone.framework.steps.RetailOrderSteps.userClickOnItem()
 INFO [main] (RetailOrderSteps.java:61)- Quantity(2) is selected
  And User select quantity '2'                                                     # tek.capstone.framework.steps.RetailOrderSteps.userSelectQuantity1(java.lang.String)
 INFO [main] (RetailOrderSteps.java:67)- user clicked on cart button successfully
  And User click add to Cart button                                                # tek.capstone.framework.steps.RetailOrderSteps.userClickAddToCartButton()
 INFO [main] (RetailOrderSteps.java:74)- The cart icon quantity changed successfully
  Then the cart icon quantity should change to '2'                                 # tek.capstone.framework.steps.RetailOrderSteps.theCartIconQuantityShouldChangeTo(java.lang.String)
]]></system-out>
    <system-err><![CDATA[Starting ChromeDriver 116.0.5845.96 (1a391816688002153ef791ffe60d9e899a71a037-refs/branch-heads/5845@{#1382}) on port 21310
Only local connections are allowed.
Please see https://chromedriver.chromium.org/security-considerations for suggestions on keeping ChromeDriver safe.
ChromeDriver was started successfully.
Sep 08, 2023 2:16:52 PM org.openqa.selenium.devtools.CdpVersionFinder findNearestMatch
WARNING: Unable to find an exact match for CDP version 116, so returning the closest version found: 112
]]></system-err>
  </testcase>
  <testcase name="Verify User can place an order with Shipping address and payment Method on file" classname="Retail Order Page" time="3.908">
    <system-out><![CDATA[
@addItemToCartAndCheckout
Scenario: Verify User can place an order with Shipping address and payment Method on file # features/RetailOrder.feature:22
{browser=chrome, headless=false, url=https://tek-retail-ui.azurewebsites.net/}
 INFO [main] (SigInSteps.java:22)- TEKTEKSCHOOL logo is displayed
  Given User is on retail website homepage                                                # tek.capstone.framework.steps.SigInSteps.userIsOnRetailWebsiteHomepage()
 INFO [main] (SigInSteps.java:28)- Login link was clicked successfully
  When User click on the login link                                                       # tek.capstone.framework.steps.SigInSteps.userClickOnTheLoginLink()
 INFO [main] (SigInSteps.java:35)- Email and password were entered successfully
  And User enter email 'Guardiansbdd123@gmail.com' and password 'Guardiansbdd#123'        # tek.capstone.framework.steps.SigInSteps.userEnterEmailAndPassword(java.lang.String,java.lang.String)
 INFO [main] (SigInSteps.java:41)- Login button was clicked successfully
  And User click on login button                                                          # tek.capstone.framework.steps.SigInSteps.userClickOnLoginButton()
 INFO [main] (RetailOrderSteps.java:27)- >> user is on the retail website
  Then Verify user is logged in                                                           # tek.capstone.framework.steps.RetailOrderSteps.verifyUserIsLoggedIn()
 INFO [main] (RetailOrderSteps.java:82)- the category is changed seccessfully
  And User changes the category to 'Electronics'                                          # tek.capstone.framework.steps.RetailOrderSteps.userChangesTheCategoryToApexLegends(java.lang.String)
 INFO [main] (RetailOrderSteps.java:88)- user searching for an iteam
  And User searches for an item 'Apex Legends'                                            # tek.capstone.framework.steps.RetailOrderSteps.userSearchesForAnItemApexLegends(java.lang.String)
 INFO [main] (RetailOrderSteps.java:94)- user clicked on Search icon seccessufully
  And User clicks Search icon                                                             # tek.capstone.framework.steps.RetailOrderSteps.userClicksSearchIcon()
 INFO [main] (RetailOrderSteps.java:100)- >> user clicked on item seccessfully
  And User clicks on item                                                                 # tek.capstone.framework.steps.RetailOrderSteps.userClicksOnItem()
 INFO [main] (RetailOrderSteps.java:107)- The item was selected successfully
  And User selects quantity '5'                                                           # tek.capstone.framework.steps.RetailOrderSteps.userSelectsQuantity(java.lang.String)
 INFO [main] (RetailOrderSteps.java:113)- user clicked on cart button successfully
  And User clicks add to Cart button                                                      # tek.capstone.framework.steps.RetailOrderSteps.userClicksAddToCartButton()
  Then the carts icon quantity should changed to '5'                                      # tek.capstone.framework.steps.RetailOrderSteps.theCartsIconQuantityShouldChangedTo(java.lang.String)
 INFO [main] (RetailOrderSteps.java:126)- user clicked on cart button successfully
  And User click on Cart option                                                           # tek.capstone.framework.steps.RetailOrderSteps.userClickOnCartOption()
 INFO [main] (RetailOrderSteps.java:133)- user clicked on Checkout button successfully
  And User click on Proceed to Checkout button                                            # tek.capstone.framework.steps.RetailOrderSteps.userClickOnProceedToCheckoutButton()
 INFO [main] (RetailOrderSteps.java:169)- user clicked on cart button successfully
  And User click on Place Your Order                                                      # tek.capstone.framework.steps.RetailOrderSteps.userClickOnPlaceYourOrder()
 INFO [main] (RetailOrderSteps.java:177)- >>order Placed Successfully
  Then a message should be displayed 'Order Placed Successfully'                          # tek.capstone.framework.steps.RetailOrderSteps.aMessageShouldBeDisplayed(java.lang.String)
]]></system-out>
    <system-err><![CDATA[Starting ChromeDriver 116.0.5845.96 (1a391816688002153ef791ffe60d9e899a71a037-refs/branch-heads/5845@{#1382}) on port 44099
Only local connections are allowed.
Please see https://chromedriver.chromium.org/security-considerations for suggestions on keeping ChromeDriver safe.
ChromeDriver was started successfully.
Sep 08, 2023 2:16:55 PM org.openqa.selenium.devtools.CdpVersionFinder findNearestMatch
WARNING: Unable to find an exact match for CDP version 116, so returning the closest version found: 112
]]></system-err>
  </testcase>
  <testcase name="Verify User can cancel the order" classname="Retail Order Page" time="2.868">
    <system-out><![CDATA[
@cancelOrder
Scenario: Verify User can cancel the order                                         # features/RetailOrder.feature:42
{browser=chrome, headless=false, url=https://tek-retail-ui.azurewebsites.net/}
 INFO [main] (SigInSteps.java:22)- TEKTEKSCHOOL logo is displayed
  Given User is on retail website homepage                                         # tek.capstone.framework.steps.SigInSteps.userIsOnRetailWebsiteHomepage()
 INFO [main] (SigInSteps.java:28)- Login link was clicked successfully
  When User click on the login link                                                # tek.capstone.framework.steps.SigInSteps.userClickOnTheLoginLink()
 INFO [main] (SigInSteps.java:35)- Email and password were entered successfully
  And User enter email 'Guardiansbdd123@gmail.com' and password 'Guardiansbdd#123' # tek.capstone.framework.steps.SigInSteps.userEnterEmailAndPassword(java.lang.String,java.lang.String)
 INFO [main] (SigInSteps.java:41)- Login button was clicked successfully
  And User click on login button                                                   # tek.capstone.framework.steps.SigInSteps.userClickOnLoginButton()
 INFO [main] (RetailOrderSteps.java:27)- >> user is on the retail website
  Then Verify user is logged in                                                    # tek.capstone.framework.steps.RetailOrderSteps.verifyUserIsLoggedIn()
 INFO [main] (RetailOrderSteps.java:185)- user clicked on order button successfully
  And User clicks on Orders section                                                # tek.capstone.framework.steps.RetailOrderSteps.userClicksOnOrdersSection()
  And User clicks on first order in list                                           # tek.capstone.framework.steps.RetailOrderSteps.userClicksOnFirstOrderInList()
 INFO [main] (RetailOrderSteps.java:205)- user clicked on Cancle order button successfully
  And User click on Cancel The Order button                                        # tek.capstone.framework.steps.RetailOrderSteps.userClickOnCancelTheOrderButton()
 INFO [main] (RetailOrderSteps.java:212)- user clicked on Reason for cancelation button successfully
  And User select the cancelation Reason 'Bought wrong item'                       # tek.capstone.framework.steps.RetailOrderSteps.userSelectTheCancelationReason(java.lang.String)
 INFO [main] (RetailOrderSteps.java:219)- Cancel Submit Button was clicked successfully
  And User click on Cancel Order button                                            # tek.capstone.framework.steps.RetailOrderSteps.userClickOnCancelOrderButton()
 INFO [main] (RetailOrderSteps.java:227)- Your Order Has Been Cancelled massage displays successfully
  Then a cancelation message should be displayed 'Your Order Has Been Cancelled'   # tek.capstone.framework.steps.RetailOrderSteps.aCancelationMessageShouldBeDisplayed(java.lang.String)
]]></system-out>
    <system-err><![CDATA[Starting ChromeDriver 116.0.5845.96 (1a391816688002153ef791ffe60d9e899a71a037-refs/branch-heads/5845@{#1382}) on port 14140
Only local connections are allowed.
Please see https://chromedriver.chromium.org/security-considerations for suggestions on keeping ChromeDriver safe.
ChromeDriver was started successfully.
Sep 08, 2023 2:16:59 PM org.openqa.selenium.devtools.CdpVersionFinder findNearestMatch
WARNING: Unable to find an exact match for CDP version 116, so returning the closest version found: 112
]]></system-err>
  </testcase>
  <testcase name="Verify User can Return the order" classname="Retail Order Page" time="10.984">
    <system-out><![CDATA[
@returnOrder
Scenario: Verify User can Return the order                                         # features/RetailOrder.feature:51
{browser=chrome, headless=false, url=https://tek-retail-ui.azurewebsites.net/}
 INFO [main] (SigInSteps.java:22)- TEKTEKSCHOOL logo is displayed
  Given User is on retail website homepage                                         # tek.capstone.framework.steps.SigInSteps.userIsOnRetailWebsiteHomepage()
 INFO [main] (SigInSteps.java:28)- Login link was clicked successfully
  When User click on the login link                                                # tek.capstone.framework.steps.SigInSteps.userClickOnTheLoginLink()
 INFO [main] (SigInSteps.java:35)- Email and password were entered successfully
  And User enter email 'Guardiansbdd123@gmail.com' and password 'Guardiansbdd#123' # tek.capstone.framework.steps.SigInSteps.userEnterEmailAndPassword(java.lang.String,java.lang.String)
 INFO [main] (SigInSteps.java:41)- Login button was clicked successfully
  And User click on login button                                                   # tek.capstone.framework.steps.SigInSteps.userClickOnLoginButton()
 INFO [main] (RetailOrderSteps.java:27)- >> user is on the retail website
  Then Verify user is logged in                                                    # tek.capstone.framework.steps.RetailOrderSteps.verifyUserIsLoggedIn()
 INFO [main] (RetailOrderSteps.java:235)- order link was click successfully
  And User click on Orders section                                                 # tek.capstone.framework.steps.RetailOrderSteps.userClickOnOrderSection()
 INFO [main] (RetailOrderSteps.java:248)- First order in the list is clicked
  And User click on 1st order in list                                              # tek.capstone.framework.steps.RetailOrderSteps.userClickOn1stOrderInList()
 INFO [main] (RetailOrderSteps.java:254)- User clicked on Return Items button successfully
  And User click on Return Items button                                            # tek.capstone.framework.steps.RetailOrderSteps.userClickOnReturnItemsButton()
 INFO [main] (RetailOrderSteps.java:260)- User selected the reason for return successfully
  And User select the Return Reason 'Item damaged'                                 # tek.capstone.framework.steps.RetailOrderSteps.userSelectTheReturnReason(java.lang.String)
 INFO [main] (RetailOrderSteps.java:266)- User selected the drop off option successfully
  And User select the drop off service 'FedEx'                                     # tek.capstone.framework.steps.RetailOrderSteps.userSelectTheDropOffService(java.lang.String)
 INFO [main] (RetailOrderSteps.java:273)- User clicked on Return Order button successfully
  And User click on Return Order button                                            # tek.capstone.framework.steps.RetailOrderSteps.userClickOnReturnOrderButton()
 INFO [main] (RetailOrderSteps.java:279)- Order returned success message displayed successfully
  Then a cancelation message should be displayed as 'Return was successful'        # tek.capstone.framework.steps.RetailOrderSteps.aCancelationMessageShouldBeDisplayedAs(java.lang.String)
]]></system-out>
    <system-err><![CDATA[Starting ChromeDriver 116.0.5845.96 (1a391816688002153ef791ffe60d9e899a71a037-refs/branch-heads/5845@{#1382}) on port 19434
Only local connections are allowed.
Please see https://chromedriver.chromium.org/security-considerations for suggestions on keeping ChromeDriver safe.
ChromeDriver was started successfully.
Sep 08, 2023 2:17:02 PM org.openqa.selenium.devtools.CdpVersionFinder findNearestMatch
WARNING: Unable to find an exact match for CDP version 116, so returning the closest version found: 112
]]></system-err>
  </testcase>
  <testcase name="Verify User can write a review on order placed" classname="Retail Order Page" time="3.446">
    <system-out><![CDATA[
@reviewOrder
Scenario: Verify User can write a review on order placed                           # features/RetailOrder.feature:61
{browser=chrome, headless=false, url=https://tek-retail-ui.azurewebsites.net/}
 INFO [main] (SigInSteps.java:22)- TEKTEKSCHOOL logo is displayed
  Given User is on retail website homepage                                         # tek.capstone.framework.steps.SigInSteps.userIsOnRetailWebsiteHomepage()
 INFO [main] (SigInSteps.java:28)- Login link was clicked successfully
  When User click on the login link                                                # tek.capstone.framework.steps.SigInSteps.userClickOnTheLoginLink()
 INFO [main] (SigInSteps.java:35)- Email and password were entered successfully
  And User enter email 'Guardiansbdd123@gmail.com' and password 'Guardiansbdd#123' # tek.capstone.framework.steps.SigInSteps.userEnterEmailAndPassword(java.lang.String,java.lang.String)
 INFO [main] (SigInSteps.java:41)- Login button was clicked successfully
  And User click on login button                                                   # tek.capstone.framework.steps.SigInSteps.userClickOnLoginButton()
 INFO [main] (RetailOrderSteps.java:27)- >> user is on the retail website
  Then Verify user is logged in                                                    # tek.capstone.framework.steps.RetailOrderSteps.verifyUserIsLoggedIn()
 INFO [main] (RetailOrderSteps.java:287)- user clicked on order button successfully
  And User click on Orders sections                                                # tek.capstone.framework.steps.RetailOrderSteps.userClickOnOrdersSections()
  And User click on the first order in list                                        # tek.capstone.framework.steps.RetailOrderSteps.userClickOnTheFirstOrderInList()
 INFO [main] (RetailOrderSteps.java:305)- user clicked on review button successfully
  And User click on Review button                                                  # tek.capstone.framework.steps.RetailOrderSteps.userClickOnReviewButton()
 INFO [main] (RetailOrderSteps.java:313)- headline was entered successfully
  And User write Review headline 'headline value' and 'review text'                # tek.capstone.framework.steps.RetailOrderSteps.userWriteReviewHeadlineAnd(java.lang.String,java.lang.String)
 INFO [main] (RetailOrderSteps.java:319)- User click on Review button successfully
  And User click Add your Review button                                            # tek.capstone.framework.steps.RetailOrderSteps.userClickAddYourReviewButton()
>> A review message displayed successfully
  Then a review message should be displayed 'Your review was added successfully'   # tek.capstone.framework.steps.RetailOrderSteps.aReviewMessageShouldBeDisplayed(java.lang.String)
]]></system-out>
    <system-err><![CDATA[Starting ChromeDriver 116.0.5845.96 (1a391816688002153ef791ffe60d9e899a71a037-refs/branch-heads/5845@{#1382}) on port 41019
Only local connections are allowed.
Please see https://chromedriver.chromium.org/security-considerations for suggestions on keeping ChromeDriver safe.
ChromeDriver was started successfully.
Sep 08, 2023 2:17:13 PM org.openqa.selenium.devtools.CdpVersionFinder findNearestMatch
WARNING: Unable to find an exact match for CDP version 116, so returning the closest version found: 112
]]></system-err>
  </testcase>
  <testcase name="Verify user can sign in into Retail Application" classname="Sign in" time="2.243">
    <system-out><![CDATA[
Scenario: Verify user can sign in into Retail Application                          # features/SignIn.feature:8
{browser=chrome, headless=false, url=https://tek-retail-ui.azurewebsites.net/}
 INFO [main] (SigInSteps.java:22)- TEKTEKSCHOOL logo is displayed
  Given User is on retail website homepage                                         # tek.capstone.framework.steps.SigInSteps.userIsOnRetailWebsiteHomepage()
 INFO [main] (SigInSteps.java:28)- Login link was clicked successfully
  When User click on the login link                                                # tek.capstone.framework.steps.SigInSteps.userClickOnTheLoginLink()
 INFO [main] (SigInSteps.java:35)- Email and password were entered successfully
  And User enter email 'Guardiansbdd123@gmail.com' and password 'Guardiansbdd#123' # tek.capstone.framework.steps.SigInSteps.userEnterEmailAndPassword(java.lang.String,java.lang.String)
 INFO [main] (SigInSteps.java:41)- Login button was clicked successfully
  And User click on login button                                                   # tek.capstone.framework.steps.SigInSteps.userClickOnLoginButton()
 INFO [main] (SigInSteps.java:48)- User is logged in successfully
  Then User should be logged in into Account                                       # tek.capstone.framework.steps.SigInSteps.verifyUserIsLoggedIn()
]]></system-out>
    <system-err><![CDATA[Starting ChromeDriver 116.0.5845.96 (1a391816688002153ef791ffe60d9e899a71a037-refs/branch-heads/5845@{#1382}) on port 8634
Only local connections are allowed.
Please see https://chromedriver.chromium.org/security-considerations for suggestions on keeping ChromeDriver safe.
ChromeDriver was started successfully.
Sep 08, 2023 2:17:16 PM org.openqa.selenium.devtools.CdpVersionFinder findNearestMatch
WARNING: Unable to find an exact match for CDP version 116, so returning the closest version found: 112
]]></system-err>
  </testcase>
  <testcase name="Verify user can create an account into Retail Website" classname="Sign in" time="2.572">
    <system-out><![CDATA[
@createnewAccount
Scenario: Verify user can create an account into Retail Website # features/SignIn.feature:14
{browser=chrome, headless=false, url=https://tek-retail-ui.azurewebsites.net/}
 INFO [main] (SigInSteps.java:22)- TEKTEKSCHOOL logo is displayed
  Given User is on retail website homepage                      # tek.capstone.framework.steps.SigInSteps.userIsOnRetailWebsiteHomepage()
 INFO [main] (SigInSteps.java:28)- Login link was clicked successfully
  When User click on the login link                             # tek.capstone.framework.steps.SigInSteps.userClickOnTheLoginLink()
 INFO [main] (SigInSteps.java:56)- New Account Button is clicked
  And User click on Create New Account button                   # tek.capstone.framework.steps.SigInSteps.userClickOnCreateNewAccountButton()
 INFO [main] (SigInSteps.java:69)- Sign-up information is entered successfully
  And User fill the signUp information with below data          # tek.capstone.framework.steps.SigInSteps.userFillTheSignUpInformationWithBelowData(io.cucumber.datatable.DataTable)
    | name | email | password | confirmPassword |
    | Tamo | tamoo | Tek@1234 | Tek@1234        |
 INFO [main] (SigInSteps.java:90)- Sign-up button is clicked successfully
  And User click on SignUp button                               # tek.capstone.framework.steps.SigInSteps.userClickOnSignUpButton()
 INFO [main] (SigInSteps.java:97)- Your account is created successfully
  Then User should be logged into account page                  # tek.capstone.framework.steps.SigInSteps.userShouldBeLoggedIntoAccountPage()
]]></system-out>
    <system-err><![CDATA[Starting ChromeDriver 116.0.5845.96 (1a391816688002153ef791ffe60d9e899a71a037-refs/branch-heads/5845@{#1382}) on port 31484
Only local connections are allowed.
Please see https://chromedriver.chromium.org/security-considerations for suggestions on keeping ChromeDriver safe.
ChromeDriver was started successfully.
Sep 08, 2023 2:17:18 PM org.openqa.selenium.devtools.CdpVersionFinder findNearestMatch
WARNING: Unable to find an exact match for CDP version 116, so returning the closest version found: 112
]]></system-err>
  </testcase>
</testsuite>